TpTrace Verbose: 0 : 30532, 1, 2021/10/11, 21:15:59.834, 10464067069820, vstest.console.dll, Version: 16.11.0-release-20210626-04
TpTrace Information: 0 : 30532, 1, 2021/10/11, 21:15:59.844, 10464067162043, vstest.console.dll, FilePatternParser: The given file C:\JokenpoTest\bin\Debug\netcoreapp3.1\fine-code-coverage\build-output\JokenpoTest.dll is a full path.
TpTrace Verbose: 0 : 30532, 1, 2021/10/11, 21:15:59.851, 10464067229361, vstest.console.dll, TestPluginCache.DiscoverTestExtensions: finding test extensions in assemblies ends with: RuntimeProvider.dll TPluginInfo: Microsoft.VisualStudio.TestPlatform.Common.ExtensionFramework.Utilities.TestRuntimePluginInformation TExtension: Microsoft.VisualStudio.TestPlatform.ObjectModel.Host.ITestRuntimeProvider
TpTrace Verbose: 0 : 30532, 1, 2021/10/11, 21:15:59.852, 10464067234625, vstest.console.dll, TestPluginCache.GetExtensionPaths: Filtered extension paths: 
TpTrace Verbose: 0 : 30532, 1, 2021/10/11, 21:15:59.852, 10464067235577, vstest.console.dll, TestPluginCache.GetExtensionPaths: Added default extension paths: C:\Program Files\dotnet\sdk\5.0.400\Extensions\Microsoft.Diagnostics.NETCore.Client.dll
C:\Program Files\dotnet\sdk\5.0.400\Extensions\Microsoft.TestPlatform.Extensions.BlameDataCollector.dll
C:\Program Files\dotnet\sdk\5.0.400\Extensions\Microsoft.TestPlatform.Extensions.EventLogCollector.dll
C:\Program Files\dotnet\sdk\5.0.400\Extensions\Microsoft.TestPlatform.TestHostRuntimeProvider.dll
C:\Program Files\dotnet\sdk\5.0.400\Extensions\Microsoft.VisualStudio.TestPlatform.Extensions.Html.TestLogger.dll
C:\Program Files\dotnet\sdk\5.0.400\Extensions\Microsoft.VisualStudio.TestPlatform.Extensions.Trx.TestLogger.dll
TpTrace Verbose: 0 : 30532, 1, 2021/10/11, 21:15:59.852, 10464067235939, vstest.console.dll, TestPluginCache.GetExtensionPaths: Added unfilterableExtensionPaths: 
TpTrace Information: 0 : 30532, 1, 2021/10/11, 21:15:59.852, 10464067243009, vstest.console.dll, AssemblyResolver.ctor: Creating AssemblyResolver with searchDirectories C:\Program Files\dotnet\sdk\5.0.400\Extensions,C:\Program Files\dotnet\sdk\5.0.400
TpTrace Verbose: 0 : 30532, 1, 2021/10/11, 21:15:59.854, 10464067255175, vstest.console.dll, TestPluginCache.DiscoverTestExtensions: Discovering the extensions using extension path.
TpTrace Verbose: 0 : 30532, 1, 2021/10/11, 21:15:59.854, 10464067256556, vstest.console.dll, TestPluginCache.GetExtensionPaths: Filtered extension paths: 
TpTrace Verbose: 0 : 30532, 1, 2021/10/11, 21:15:59.854, 10464067256915, vstest.console.dll, TestPluginCache.GetExtensionPaths: Added default extension paths: C:\Program Files\dotnet\sdk\5.0.400\Extensions\Microsoft.Diagnostics.NETCore.Client.dll
C:\Program Files\dotnet\sdk\5.0.400\Extensions\Microsoft.TestPlatform.Extensions.BlameDataCollector.dll
C:\Program Files\dotnet\sdk\5.0.400\Extensions\Microsoft.TestPlatform.Extensions.EventLogCollector.dll
C:\Program Files\dotnet\sdk\5.0.400\Extensions\Microsoft.TestPlatform.TestHostRuntimeProvider.dll
C:\Program Files\dotnet\sdk\5.0.400\Extensions\Microsoft.VisualStudio.TestPlatform.Extensions.Html.TestLogger.dll
C:\Program Files\dotnet\sdk\5.0.400\Extensions\Microsoft.VisualStudio.TestPlatform.Extensions.Trx.TestLogger.dll
TpTrace Verbose: 0 : 30532, 1, 2021/10/11, 21:15:59.854, 10464067257207, vstest.console.dll, TestPluginCache.GetExtensionPaths: Added unfilterableExtensionPaths: 
TpTrace Verbose: 0 : 30532, 1, 2021/10/11, 21:15:59.854, 10464067257730, vstest.console.dll, TestPluginCache.DiscoverTestExtensions: Discovering the extensions using allExtensionPaths: C:\Program Files\dotnet\sdk\5.0.400\Extensions\Microsoft.Diagnostics.NETCore.Client.dll
C:\Program Files\dotnet\sdk\5.0.400\Extensions\Microsoft.TestPlatform.Extensions.BlameDataCollector.dll
C:\Program Files\dotnet\sdk\5.0.400\Extensions\Microsoft.TestPlatform.Extensions.EventLogCollector.dll
C:\Program Files\dotnet\sdk\5.0.400\Extensions\Microsoft.TestPlatform.TestHostRuntimeProvider.dll
C:\Program Files\dotnet\sdk\5.0.400\Extensions\Microsoft.VisualStudio.TestPlatform.Extensions.Html.TestLogger.dll
C:\Program Files\dotnet\sdk\5.0.400\Extensions\Microsoft.VisualStudio.TestPlatform.Extensions.Trx.TestLogger.dll
TpTrace Information: 0 : 30532, 1, 2021/10/11, 21:15:59.854, 10464067259110, vstest.console.dll, AssemblyResolver.AddSearchDirectories: Adding more searchDirectories C:\Program Files\dotnet\sdk\5.0.400\Extensions,C:\Program Files\dotnet\sdk\5.0.400
TpTrace Information: 0 : 30532, 1, 2021/10/11, 21:15:59.854, 10464067259649, vstest.console.dll, AssemblyResolver.AddSearchDirectories: Adding more searchDirectories C:\Program Files\dotnet\sdk\5.0.400\Extensions,C:\Program Files\dotnet\sdk\5.0.400
TpTrace Information: 0 : 30532, 1, 2021/10/11, 21:15:59.854, 10464067259975, vstest.console.dll, AssemblyResolver.AddSearchDirectories: Adding more searchDirectories C:\Program Files\dotnet\sdk\5.0.400\Extensions,C:\Program Files\dotnet\sdk\5.0.400
TpTrace Information: 0 : 30532, 1, 2021/10/11, 21:15:59.854, 10464067260260, vstest.console.dll, AssemblyResolver.AddSearchDirectories: Adding more searchDirectories C:\Program Files\dotnet\sdk\5.0.400\Extensions,C:\Program Files\dotnet\sdk\5.0.400
TpTrace Information: 0 : 30532, 1, 2021/10/11, 21:15:59.854, 10464067260500, vstest.console.dll, AssemblyResolver.AddSearchDirectories: Adding more searchDirectories C:\Program Files\dotnet\sdk\5.0.400\Extensions,C:\Program Files\dotnet\sdk\5.0.400
TpTrace Information: 0 : 30532, 1, 2021/10/11, 21:15:59.854, 10464067260734, vstest.console.dll, AssemblyResolver.AddSearchDirectories: Adding more searchDirectories C:\Program Files\dotnet\sdk\5.0.400\Extensions,C:\Program Files\dotnet\sdk\5.0.400
TpTrace Information: 0 : 30532, 1, 2021/10/11, 21:15:59.855, 10464067263741, vstest.console.dll, AssemblyResolver.OnResolve: Microsoft.Diagnostics.NETCore.Client: Resolving assembly.
TpTrace Information: 0 : 30532, 1, 2021/10/11, 21:15:59.855, 10464067264240, vstest.console.dll, AssemblyResolver.OnResolve: Microsoft.Diagnostics.NETCore.Client: Searching in: 'C:\Program Files\dotnet\sdk\5.0.400\Extensions'.
TpTrace Information: 0 : 30532, 1, 2021/10/11, 21:15:59.855, 10464067270054, vstest.console.dll, AssemblyResolver.OnResolve: Microsoft.Diagnostics.NETCore.Client: Loading assembly 'C:\Program Files\dotnet\sdk\5.0.400\Extensions\Microsoft.Diagnostics.NETCore.Client.dll'.
TpTrace Information: 0 : 30532, 1, 2021/10/11, 21:15:59.856, 10464067276775, vstest.console.dll, AssemblyResolver.OnResolve: Resolved assembly: Microsoft.Diagnostics.NETCore.Client, from path: C:\Program Files\dotnet\sdk\5.0.400\Extensions\Microsoft.Diagnostics.NETCore.Client.dll
TpTrace Information: 0 : 30532, 1, 2021/10/11, 21:15:59.859, 10464067306763, vstest.console.dll, AssemblyResolver.OnResolve: Microsoft.Bcl.AsyncInterfaces: Resolving assembly.
TpTrace Information: 0 : 30532, 1, 2021/10/11, 21:15:59.859, 10464067307610, vstest.console.dll, AssemblyResolver.OnResolve: Microsoft.Bcl.AsyncInterfaces: Searching in: 'C:\Program Files\dotnet\sdk\5.0.400\Extensions'.
TpTrace Information: 0 : 30532, 1, 2021/10/11, 21:15:59.859, 10464067308610, vstest.console.dll, AssemblyResolver.OnResolve: Microsoft.Bcl.AsyncInterfaces: Assembly path does not exist: 'C:\Program Files\dotnet\sdk\5.0.400\Extensions\Microsoft.Bcl.AsyncInterfaces.dll', returning.
TpTrace Information: 0 : 30532, 1, 2021/10/11, 21:15:59.859, 10464067309129, vstest.console.dll, AssemblyResolver.OnResolve: Microsoft.Bcl.AsyncInterfaces: Assembly path does not exist: 'C:\Program Files\dotnet\sdk\5.0.400\Extensions\Microsoft.Bcl.AsyncInterfaces.exe', returning.
TpTrace Information: 0 : 30532, 1, 2021/10/11, 21:15:59.859, 10464067309410, vstest.console.dll, AssemblyResolver.OnResolve: Microsoft.Bcl.AsyncInterfaces: Searching in: 'C:\Program Files\dotnet\sdk\5.0.400'.
TpTrace Information: 0 : 30532, 1, 2021/10/11, 21:15:59.859, 10464067309917, vstest.console.dll, AssemblyResolver.OnResolve: Microsoft.Bcl.AsyncInterfaces: Assembly path does not exist: 'C:\Program Files\dotnet\sdk\5.0.400\Microsoft.Bcl.AsyncInterfaces.dll', returning.
TpTrace Information: 0 : 30532, 1, 2021/10/11, 21:15:59.859, 10464067310446, vstest.console.dll, AssemblyResolver.OnResolve: Microsoft.Bcl.AsyncInterfaces: Assembly path does not exist: 'C:\Program Files\dotnet\sdk\5.0.400\Microsoft.Bcl.AsyncInterfaces.exe', returning.
TpTrace Information: 0 : 30532, 1, 2021/10/11, 21:15:59.859, 10464067311061, vstest.console.dll, AssemblyResolver.OnResolve: Microsoft.Bcl.AsyncInterfaces: Failed to load assembly.
TpTrace Verbose: 0 : 30532, 1, 2021/10/11, 21:15:59.859, 10464067311457, vstest.console.dll, CurrentDomainAssemblyResolve: Resolving assembly 'Microsoft.Bcl.AsyncInterfaces'.
TpTrace Information: 0 : 30532, 1, 2021/10/11, 21:15:59.859, 10464067312050, vstest.console.dll, AssemblyResolver.OnResolve: Microsoft.Bcl.AsyncInterfaces: Resolving assembly.
TpTrace Information: 0 : 30532, 1, 2021/10/11, 21:15:59.859, 10464067312376, vstest.console.dll, AssemblyResolver.OnResolve: Microsoft.Bcl.AsyncInterfaces: Resolved from cache.
TpTrace Verbose: 0 : 30532, 1, 2021/10/11, 21:15:59.859, 10464067312659, vstest.console.dll, CurrentDomainAssemblyResolve: Resolving assembly 'Microsoft.Bcl.AsyncInterfaces'.
TpTrace Verbose: 0 : 30532, 1, 2021/10/11, 21:15:59.859, 10464067312993, vstest.console.dll, CurrentDomainAssemblyResolve: Failed to resolve assembly 'Microsoft.Bcl.AsyncInterfaces'.
TpTrace Verbose: 0 : 30532, 1, 2021/10/11, 21:15:59.860, 10464067319018, vstest.console.dll, CurrentDomainAssemblyResolve: Failed to resolve assembly 'Microsoft.Bcl.AsyncInterfaces'.
TpTrace Warning: 0 : 30532, 1, 2021/10/11, 21:15:59.873, 10464067448646, vstest.console.dll, TestPluginDiscoverer: Failed to get types from assembly 'Microsoft.Diagnostics.NETCore.Client, Version=0.2.2.41902, Culture=neutral, PublicKeyToken=31bf3856ad364e35'.  Skipping test extension scan for this assembly.  Error: System.Reflection.ReflectionTypeLoadException: Unable to load one or more of the requested types.
Could not load file or assembly 'Microsoft.Bcl.AsyncInterfaces, Version=1.0.0.0, Culture=neutral, PublicKeyToken=cc7b13ffcd2ddd51'. O sistema não pode encontrar o arquivo especificado.
   at System.Reflection.RuntimeModule.GetTypes(RuntimeModule module)
   at System.Reflection.RuntimeModule.GetTypes()
   at System.Reflection.Assembly.GetTypes()
   at Microsoft.VisualStudio.TestPlatform.Common.ExtensionFramework.TestPluginDiscoverer.GetTestExtensionsFromAssembly[TPluginInfo,TExtension](Assembly assembly, Dictionary`2 pluginInfos)
System.IO.FileNotFoundException: Could not load file or assembly 'Microsoft.Bcl.AsyncInterfaces, Version=1.0.0.0, Culture=neutral, PublicKeyToken=cc7b13ffcd2ddd51'. O sistema não pode encontrar o arquivo especificado.
File name: 'Microsoft.Bcl.AsyncInterfaces, Version=1.0.0.0, Culture=neutral, PublicKeyToken=cc7b13ffcd2ddd51'
TpTrace Warning: 0 : 30532, 1, 2021/10/11, 21:15:59.873, 10464067450553, vstest.console.dll, LoaderExceptions: System.IO.FileNotFoundException: Could not load file or assembly 'Microsoft.Bcl.AsyncInterfaces, Version=1.0.0.0, Culture=neutral, PublicKeyToken=cc7b13ffcd2ddd51'. O sistema não pode encontrar o arquivo especificado.
File name: 'Microsoft.Bcl.AsyncInterfaces, Version=1.0.0.0, Culture=neutral, PublicKeyToken=cc7b13ffcd2ddd51'
TpTrace Information: 0 : 30532, 1, 2021/10/11, 21:15:59.873, 10464067451565, vstest.console.dll, AssemblyResolver.OnResolve: Microsoft.TestPlatform.Extensions.BlameDataCollector: Resolving assembly.
TpTrace Information: 0 : 30532, 1, 2021/10/11, 21:15:59.873, 10464067451904, vstest.console.dll, AssemblyResolver.OnResolve: Microsoft.TestPlatform.Extensions.BlameDataCollector: Searching in: 'C:\Program Files\dotnet\sdk\5.0.400\Extensions'.
TpTrace Information: 0 : 30532, 1, 2021/10/11, 21:15:59.874, 10464067457182, vstest.console.dll, AssemblyResolver.OnResolve: Microsoft.TestPlatform.Extensions.BlameDataCollector: Loading assembly 'C:\Program Files\dotnet\sdk\5.0.400\Extensions\Microsoft.TestPlatform.Extensions.BlameDataCollector.dll'.
TpTrace Information: 0 : 30532, 1, 2021/10/11, 21:15:59.874, 10464067462172, vstest.console.dll, AssemblyResolver.OnResolve: Resolved assembly: Microsoft.TestPlatform.Extensions.BlameDataCollector, from path: C:\Program Files\dotnet\sdk\5.0.400\Extensions\Microsoft.TestPlatform.Extensions.BlameDataCollector.dll
TpTrace Information: 0 : 30532, 1, 2021/10/11, 21:15:59.875, 10464067467190, vstest.console.dll, AssemblyResolver.OnResolve: Microsoft.TestPlatform.Extensions.EventLogCollector: Resolving assembly.
TpTrace Information: 0 : 30532, 1, 2021/10/11, 21:15:59.875, 10464067467687, vstest.console.dll, AssemblyResolver.OnResolve: Microsoft.TestPlatform.Extensions.EventLogCollector: Searching in: 'C:\Program Files\dotnet\sdk\5.0.400\Extensions'.
TpTrace Information: 0 : 30532, 1, 2021/10/11, 21:15:59.875, 10464067471304, vstest.console.dll, AssemblyResolver.OnResolve: Microsoft.TestPlatform.Extensions.EventLogCollector: Loading assembly 'C:\Program Files\dotnet\sdk\5.0.400\Extensions\Microsoft.TestPlatform.Extensions.EventLogCollector.dll'.
TpTrace Information: 0 : 30532, 1, 2021/10/11, 21:15:59.876, 10464067475199, vstest.console.dll, AssemblyResolver.OnResolve: Resolved assembly: Microsoft.TestPlatform.Extensions.EventLogCollector, from path: C:\Program Files\dotnet\sdk\5.0.400\Extensions\Microsoft.TestPlatform.Extensions.EventLogCollector.dll
TpTrace Information: 0 : 30532, 1, 2021/10/11, 21:15:59.877, 10464067492209, vstest.console.dll, AssemblyResolver.OnResolve: Microsoft.TestPlatform.TestHostRuntimeProvider: Resolving assembly.
TpTrace Information: 0 : 30532, 1, 2021/10/11, 21:15:59.877, 10464067492756, vstest.console.dll, AssemblyResolver.OnResolve: Microsoft.TestPlatform.TestHostRuntimeProvider: Searching in: 'C:\Program Files\dotnet\sdk\5.0.400\Extensions'.
TpTrace Information: 0 : 30532, 1, 2021/10/11, 21:15:59.878, 10464067496219, vstest.console.dll, AssemblyResolver.OnResolve: Microsoft.TestPlatform.TestHostRuntimeProvider: Loading assembly 'C:\Program Files\dotnet\sdk\5.0.400\Extensions\Microsoft.TestPlatform.TestHostRuntimeProvider.dll'.
TpTrace Information: 0 : 30532, 1, 2021/10/11, 21:15:59.878, 10464067500349, vstest.console.dll, AssemblyResolver.OnResolve: Resolved assembly: Microsoft.TestPlatform.TestHostRuntimeProvider, from path: C:\Program Files\dotnet\sdk\5.0.400\Extensions\Microsoft.TestPlatform.TestHostRuntimeProvider.dll
TpTrace Information: 0 : 30532, 1, 2021/10/11, 21:15:59.879, 10464067509529, vstest.console.dll, AssemblyResolver.OnResolve: Microsoft.VisualStudio.TestPlatform.Extensions.Html.TestLogger: Resolving assembly.
TpTrace Information: 0 : 30532, 1, 2021/10/11, 21:15:59.879, 10464067510036, vstest.console.dll, AssemblyResolver.OnResolve: Microsoft.VisualStudio.TestPlatform.Extensions.Html.TestLogger: Searching in: 'C:\Program Files\dotnet\sdk\5.0.400\Extensions'.
TpTrace Information: 0 : 30532, 1, 2021/10/11, 21:15:59.880, 10464067513781, vstest.console.dll, AssemblyResolver.OnResolve: Microsoft.VisualStudio.TestPlatform.Extensions.Html.TestLogger: Loading assembly 'C:\Program Files\dotnet\sdk\5.0.400\Extensions\Microsoft.VisualStudio.TestPlatform.Extensions.Html.TestLogger.dll'.
TpTrace Information: 0 : 30532, 1, 2021/10/11, 21:15:59.880, 10464067517901, vstest.console.dll, AssemblyResolver.OnResolve: Resolved assembly: Microsoft.VisualStudio.TestPlatform.Extensions.Html.TestLogger, from path: C:\Program Files\dotnet\sdk\5.0.400\Extensions\Microsoft.VisualStudio.TestPlatform.Extensions.Html.TestLogger.dll
TpTrace Information: 0 : 30532, 1, 2021/10/11, 21:15:59.880, 10464067520313, vstest.console.dll, AssemblyResolver.OnResolve: Microsoft.VisualStudio.TestPlatform.Extensions.Trx.TestLogger: Resolving assembly.
TpTrace Information: 0 : 30532, 1, 2021/10/11, 21:15:59.880, 10464067520754, vstest.console.dll, AssemblyResolver.OnResolve: Microsoft.VisualStudio.TestPlatform.Extensions.Trx.TestLogger: Searching in: 'C:\Program Files\dotnet\sdk\5.0.400\Extensions'.
TpTrace Information: 0 : 30532, 1, 2021/10/11, 21:15:59.881, 10464067524696, vstest.console.dll, AssemblyResolver.OnResolve: Microsoft.VisualStudio.TestPlatform.Extensions.Trx.TestLogger: Loading assembly 'C:\Program Files\dotnet\sdk\5.0.400\Extensions\Microsoft.VisualStudio.TestPlatform.Extensions.Trx.TestLogger.dll'.
TpTrace Information: 0 : 30532, 1, 2021/10/11, 21:15:59.881, 10464067531564, vstest.console.dll, AssemblyResolver.OnResolve: Resolved assembly: Microsoft.VisualStudio.TestPlatform.Extensions.Trx.TestLogger, from path: C:\Program Files\dotnet\sdk\5.0.400\Extensions\Microsoft.VisualStudio.TestPlatform.Extensions.Trx.TestLogger.dll
TpTrace Verbose: 0 : 30532, 1, 2021/10/11, 21:15:59.882, 10464067536877, vstest.console.dll, TestPluginCache: Discovered the extensions using extension path ''.
TpTrace Verbose: 0 : 30532, 1, 2021/10/11, 21:15:59.882, 10464067537470, vstest.console.dll, TestPluginCache: Discoverers are ''.
TpTrace Verbose: 0 : 30532, 1, 2021/10/11, 21:15:59.882, 10464067537708, vstest.console.dll, TestPluginCache: Executors are ''.
TpTrace Verbose: 0 : 30532, 1, 2021/10/11, 21:15:59.882, 10464067537914, vstest.console.dll, TestPluginCache: Executors2 are ''.
TpTrace Verbose: 0 : 30532, 1, 2021/10/11, 21:15:59.882, 10464067538110, vstest.console.dll, TestPluginCache: Setting providers are ''.
TpTrace Verbose: 0 : 30532, 1, 2021/10/11, 21:15:59.882, 10464067538351, vstest.console.dll, TestPluginCache: Loggers are ''.
TpTrace Information: 0 : 30532, 1, 2021/10/11, 21:15:59.886, 10464067578931, vstest.console.dll, RunTestsArgumentProcessor:Execute: Test run is starting.
TpTrace Verbose: 0 : 30532, 1, 2021/10/11, 21:15:59.886, 10464067579593, vstest.console.dll, RunTestsArgumentProcessor:Execute: Queuing Test run.
TpTrace Information: 0 : 30532, 1, 2021/10/11, 21:15:59.886, 10464067581437, vstest.console.dll, TestRequestManager.RunTests: run tests started.
TpTrace Information: 0 : 30532, 1, 2021/10/11, 21:15:59.889, 10464067604210, vstest.console.dll, AssemblyMetadataProvider.GetFrameWork: Determined framework:'.NETCoreApp,Version=v3.1' for source: 'C:\JokenpoTest\bin\Debug\netcoreapp3.1\fine-code-coverage\build-output\JokenpoTest.dll'
TpTrace Information: 0 : 30532, 1, 2021/10/11, 21:15:59.889, 10464067605459, vstest.console.dll, Determined framework for all sources: .NETCoreApp,Version=v3.1
TpTrace Information: 0 : 30532, 1, 2021/10/11, 21:15:59.889, 10464067608119, vstest.console.dll, AssemblyMetadataProvider.GetArchitecture: Determined architecture:AnyCPU info for assembly: C:\JokenpoTest\bin\Debug\netcoreapp3.1\fine-code-coverage\build-output\JokenpoTest.dll
TpTrace Information: 0 : 30532, 1, 2021/10/11, 21:15:59.890, 10464067622590, vstest.console.dll, Determined platform for all sources: X64
TpTrace Information: 0 : 30532, 1, 2021/10/11, 21:15:59.892, 10464067642573, vstest.console.dll, Compatible sources list : 
TpTrace Information: 0 : 30532, 1, 2021/10/11, 21:15:59.892, 10464067643172, vstest.console.dll, C:\JokenpoTest\bin\Debug\netcoreapp3.1\fine-code-coverage\build-output\JokenpoTest.dll
TpTrace Information: 0 : 30532, 1, 2021/10/11, 21:15:59.894, 10464067658436, vstest.console.dll, InferRunSettingsHelper.IsTestSettingsEnabled: Unable to navigate to RunSettings/MSTest. Current node: RunSettings
TpTrace Information: 0 : 30532, 1, 2021/10/11, 21:15:59.894, 10464067663144, vstest.console.dll, AssemblyResolver.OnResolve: Microsoft.VisualStudio.TestPlatform.Fakes: Resolving assembly.
TpTrace Information: 0 : 30532, 1, 2021/10/11, 21:15:59.895, 10464067663676, vstest.console.dll, AssemblyResolver.OnResolve: Microsoft.VisualStudio.TestPlatform.Fakes: Searching in: 'C:\Program Files\dotnet\sdk\5.0.400\Extensions'.
TpTrace Information: 0 : 30532, 1, 2021/10/11, 21:15:59.895, 10464067664528, vstest.console.dll, AssemblyResolver.OnResolve: Microsoft.VisualStudio.TestPlatform.Fakes: Assembly path does not exist: 'C:\Program Files\dotnet\sdk\5.0.400\Extensions\Microsoft.VisualStudio.TestPlatform.Fakes.dll', returning.
TpTrace Information: 0 : 30532, 1, 2021/10/11, 21:15:59.895, 10464067665078, vstest.console.dll, AssemblyResolver.OnResolve: Microsoft.VisualStudio.TestPlatform.Fakes: Assembly path does not exist: 'C:\Program Files\dotnet\sdk\5.0.400\Extensions\Microsoft.VisualStudio.TestPlatform.Fakes.exe', returning.
TpTrace Information: 0 : 30532, 1, 2021/10/11, 21:15:59.895, 10464067665386, vstest.console.dll, AssemblyResolver.OnResolve: Microsoft.VisualStudio.TestPlatform.Fakes: Searching in: 'C:\Program Files\dotnet\sdk\5.0.400'.
TpTrace Information: 0 : 30532, 1, 2021/10/11, 21:15:59.895, 10464067666310, vstest.console.dll, AssemblyResolver.OnResolve: Microsoft.VisualStudio.TestPlatform.Fakes: Assembly path does not exist: 'C:\Program Files\dotnet\sdk\5.0.400\Microsoft.VisualStudio.TestPlatform.Fakes.dll', returning.
TpTrace Information: 0 : 30532, 1, 2021/10/11, 21:15:59.895, 10464067666863, vstest.console.dll, AssemblyResolver.OnResolve: Microsoft.VisualStudio.TestPlatform.Fakes: Assembly path does not exist: 'C:\Program Files\dotnet\sdk\5.0.400\Microsoft.VisualStudio.TestPlatform.Fakes.exe', returning.
TpTrace Information: 0 : 30532, 1, 2021/10/11, 21:15:59.895, 10464067667107, vstest.console.dll, AssemblyResolver.OnResolve: Microsoft.VisualStudio.TestPlatform.Fakes: Failed to load assembly.
TpTrace Information: 0 : 30532, 1, 2021/10/11, 21:15:59.895, 10464067669824, vstest.console.dll, Failed to create newly implemented Fakes Configurator. Reason:System.IO.FileNotFoundException: Could not load file or assembly 'Microsoft.VisualStudio.TestPlatform.Fakes, Version=16.0.0.0, Culture=neutral, PublicKeyToken=null'. O sistema não pode encontrar o arquivo especificado.
File name: 'Microsoft.VisualStudio.TestPlatform.Fakes, Version=16.0.0.0, Culture=neutral, PublicKeyToken=null'
   at System.Reflection.RuntimeAssembly.InternalLoad(ObjectHandleOnStack assemblyName, ObjectHandleOnStack requestingAssembly, StackCrawlMarkHandle stackMark, Boolean throwOnFileNotFound, ObjectHandleOnStack assemblyLoadContext, ObjectHandleOnStack retAssembly)
   at System.Reflection.RuntimeAssembly.InternalLoad(AssemblyName assemblyName, RuntimeAssembly requestingAssembly, StackCrawlMark& stackMark, Boolean throwOnFileNotFound, AssemblyLoadContext assemblyLoadContext)
   at System.Reflection.Assembly.Load(AssemblyName assemblyRef)
   at Microsoft.VisualStudio.TestPlatform.Common.Utilities.FakesUtilities.TryGetFakesCrossPlatformDataCollectorConfigurator() 
TpTrace Verbose: 0 : 30532, 1, 2021/10/11, 21:15:59.899, 10464067707418, vstest.console.dll, TestPluginCache.DiscoverTestExtensions: finding test extensions in assemblies ends with: TestLogger.dll TPluginInfo: Microsoft.VisualStudio.TestPlatform.Common.ExtensionFramework.Utilities.TestLoggerPluginInformation TExtension: Microsoft.VisualStudio.TestPlatform.ObjectModel.Client.ITestLogger
TpTrace Verbose: 0 : 30532, 1, 2021/10/11, 21:15:59.899, 10464067708404, vstest.console.dll, TestPluginCache.GetExtensionPaths: Filtered extension paths: 
TpTrace Verbose: 0 : 30532, 1, 2021/10/11, 21:15:59.899, 10464067708694, vstest.console.dll, TestPluginCache.GetExtensionPaths: Added default extension paths: C:\Program Files\dotnet\sdk\5.0.400\Extensions\Microsoft.Diagnostics.NETCore.Client.dll
C:\Program Files\dotnet\sdk\5.0.400\Extensions\Microsoft.TestPlatform.Extensions.BlameDataCollector.dll
C:\Program Files\dotnet\sdk\5.0.400\Extensions\Microsoft.TestPlatform.Extensions.EventLogCollector.dll
C:\Program Files\dotnet\sdk\5.0.400\Extensions\Microsoft.TestPlatform.TestHostRuntimeProvider.dll
C:\Program Files\dotnet\sdk\5.0.400\Extensions\Microsoft.VisualStudio.TestPlatform.Extensions.Html.TestLogger.dll
C:\Program Files\dotnet\sdk\5.0.400\Extensions\Microsoft.VisualStudio.TestPlatform.Extensions.Trx.TestLogger.dll
TpTrace Verbose: 0 : 30532, 1, 2021/10/11, 21:15:59.899, 10464067708936, vstest.console.dll, TestPluginCache.GetExtensionPaths: Added unfilterableExtensionPaths: 
TpTrace Information: 0 : 30532, 1, 2021/10/11, 21:15:59.899, 10464067710428, vstest.console.dll, AssemblyResolver.AddSearchDirectories: Adding more searchDirectories C:\Program Files\dotnet\sdk\5.0.400\Extensions,C:\Program Files\dotnet\sdk\5.0.400
TpTrace Verbose: 0 : 30532, 1, 2021/10/11, 21:15:59.899, 10464067710798, vstest.console.dll, TestPluginCache.DiscoverTestExtensions: Discovering the extensions using extension path.
TpTrace Verbose: 0 : 30532, 1, 2021/10/11, 21:15:59.899, 10464067711040, vstest.console.dll, TestPluginCache.GetExtensionPaths: Filtered extension paths: 
TpTrace Verbose: 0 : 30532, 1, 2021/10/11, 21:15:59.899, 10464067712081, vstest.console.dll, TestPluginCache.GetExtensionPaths: Added default extension paths: C:\Program Files\dotnet\sdk\5.0.400\Extensions\Microsoft.Diagnostics.NETCore.Client.dll
C:\Program Files\dotnet\sdk\5.0.400\Extensions\Microsoft.TestPlatform.Extensions.BlameDataCollector.dll
C:\Program Files\dotnet\sdk\5.0.400\Extensions\Microsoft.TestPlatform.Extensions.EventLogCollector.dll
C:\Program Files\dotnet\sdk\5.0.400\Extensions\Microsoft.TestPlatform.TestHostRuntimeProvider.dll
C:\Program Files\dotnet\sdk\5.0.400\Extensions\Microsoft.VisualStudio.TestPlatform.Extensions.Html.TestLogger.dll
C:\Program Files\dotnet\sdk\5.0.400\Extensions\Microsoft.VisualStudio.TestPlatform.Extensions.Trx.TestLogger.dll
TpTrace Verbose: 0 : 30532, 1, 2021/10/11, 21:15:59.899, 10464067712379, vstest.console.dll, TestPluginCache.GetExtensionPaths: Added unfilterableExtensionPaths: 
TpTrace Verbose: 0 : 30532, 1, 2021/10/11, 21:15:59.899, 10464067712661, vstest.console.dll, TestPluginCache.DiscoverTestExtensions: Discovering the extensions using allExtensionPaths: C:\Program Files\dotnet\sdk\5.0.400\Extensions\Microsoft.Diagnostics.NETCore.Client.dll
C:\Program Files\dotnet\sdk\5.0.400\Extensions\Microsoft.TestPlatform.Extensions.BlameDataCollector.dll
C:\Program Files\dotnet\sdk\5.0.400\Extensions\Microsoft.TestPlatform.Extensions.EventLogCollector.dll
C:\Program Files\dotnet\sdk\5.0.400\Extensions\Microsoft.TestPlatform.TestHostRuntimeProvider.dll
C:\Program Files\dotnet\sdk\5.0.400\Extensions\Microsoft.VisualStudio.TestPlatform.Extensions.Html.TestLogger.dll
C:\Program Files\dotnet\sdk\5.0.400\Extensions\Microsoft.VisualStudio.TestPlatform.Extensions.Trx.TestLogger.dll
TpTrace Information: 0 : 30532, 1, 2021/10/11, 21:15:59.899, 10464067713013, vstest.console.dll, AssemblyResolver.AddSearchDirectories: Adding more searchDirectories C:\Program Files\dotnet\sdk\5.0.400\Extensions,C:\Program Files\dotnet\sdk\5.0.400
TpTrace Information: 0 : 30532, 1, 2021/10/11, 21:15:59.900, 10464067713317, vstest.console.dll, AssemblyResolver.AddSearchDirectories: Adding more searchDirectories C:\Program Files\dotnet\sdk\5.0.400\Extensions,C:\Program Files\dotnet\sdk\5.0.400
TpTrace Information: 0 : 30532, 1, 2021/10/11, 21:15:59.900, 10464067713560, vstest.console.dll, AssemblyResolver.AddSearchDirectories: Adding more searchDirectories C:\Program Files\dotnet\sdk\5.0.400\Extensions,C:\Program Files\dotnet\sdk\5.0.400
TpTrace Information: 0 : 30532, 1, 2021/10/11, 21:15:59.900, 10464067713792, vstest.console.dll, AssemblyResolver.AddSearchDirectories: Adding more searchDirectories C:\Program Files\dotnet\sdk\5.0.400\Extensions,C:\Program Files\dotnet\sdk\5.0.400
TpTrace Information: 0 : 30532, 1, 2021/10/11, 21:15:59.900, 10464067714057, vstest.console.dll, AssemblyResolver.AddSearchDirectories: Adding more searchDirectories C:\Program Files\dotnet\sdk\5.0.400\Extensions,C:\Program Files\dotnet\sdk\5.0.400
TpTrace Information: 0 : 30532, 1, 2021/10/11, 21:15:59.900, 10464067714289, vstest.console.dll, AssemblyResolver.AddSearchDirectories: Adding more searchDirectories C:\Program Files\dotnet\sdk\5.0.400\Extensions,C:\Program Files\dotnet\sdk\5.0.400
TpTrace Information: 0 : 30532, 1, 2021/10/11, 21:15:59.900, 10464067716724, vstest.console.dll, AssemblyResolver.OnResolve: Microsoft.Bcl.AsyncInterfaces: Resolving assembly.
TpTrace Information: 0 : 30532, 1, 2021/10/11, 21:15:59.900, 10464067717074, vstest.console.dll, AssemblyResolver.OnResolve: Microsoft.Bcl.AsyncInterfaces: Resolved from cache.
TpTrace Verbose: 0 : 30532, 1, 2021/10/11, 21:15:59.900, 10464067717333, vstest.console.dll, CurrentDomainAssemblyResolve: Resolving assembly 'Microsoft.Bcl.AsyncInterfaces'.
TpTrace Information: 0 : 30532, 1, 2021/10/11, 21:15:59.900, 10464067717755, vstest.console.dll, AssemblyResolver.OnResolve: Microsoft.Bcl.AsyncInterfaces: Resolving assembly.
TpTrace Information: 0 : 30532, 1, 2021/10/11, 21:15:59.900, 10464067718011, vstest.console.dll, AssemblyResolver.OnResolve: Microsoft.Bcl.AsyncInterfaces: Resolved from cache.
TpTrace Verbose: 0 : 30532, 1, 2021/10/11, 21:15:59.900, 10464067718267, vstest.console.dll, CurrentDomainAssemblyResolve: Resolving assembly 'Microsoft.Bcl.AsyncInterfaces'.
TpTrace Verbose: 0 : 30532, 1, 2021/10/11, 21:15:59.900, 10464067718482, vstest.console.dll, CurrentDomainAssemblyResolve: Failed to resolve assembly 'Microsoft.Bcl.AsyncInterfaces'.
TpTrace Verbose: 0 : 30532, 1, 2021/10/11, 21:15:59.900, 10464067719763, vstest.console.dll, CurrentDomainAssemblyResolve: Failed to resolve assembly 'Microsoft.Bcl.AsyncInterfaces'.
TpTrace Warning: 0 : 30532, 1, 2021/10/11, 21:15:59.900, 10464067721947, vstest.console.dll, TestPluginDiscoverer: Failed to get types from assembly 'Microsoft.Diagnostics.NETCore.Client, Version=0.2.2.41902, Culture=neutral, PublicKeyToken=31bf3856ad364e35'.  Skipping test extension scan for this assembly.  Error: System.Reflection.ReflectionTypeLoadException: Unable to load one or more of the requested types.
Could not load file or assembly 'Microsoft.Bcl.AsyncInterfaces, Version=1.0.0.0, Culture=neutral, PublicKeyToken=cc7b13ffcd2ddd51'. O sistema não pode encontrar o arquivo especificado.
   at System.Reflection.RuntimeModule.GetTypes(RuntimeModule module)
   at System.Reflection.RuntimeModule.GetTypes()
   at System.Reflection.Assembly.GetTypes()
   at Microsoft.VisualStudio.TestPlatform.Common.ExtensionFramework.TestPluginDiscoverer.GetTestExtensionsFromAssembly[TPluginInfo,TExtension](Assembly assembly, Dictionary`2 pluginInfos)
System.IO.FileNotFoundException: Could not load file or assembly 'Microsoft.Bcl.AsyncInterfaces, Version=1.0.0.0, Culture=neutral, PublicKeyToken=cc7b13ffcd2ddd51'. O sistema não pode encontrar o arquivo especificado.
File name: 'Microsoft.Bcl.AsyncInterfaces, Version=1.0.0.0, Culture=neutral, PublicKeyToken=cc7b13ffcd2ddd51'
TpTrace Warning: 0 : 30532, 1, 2021/10/11, 21:15:59.900, 10464067722346, vstest.console.dll, LoaderExceptions: System.IO.FileNotFoundException: Could not load file or assembly 'Microsoft.Bcl.AsyncInterfaces, Version=1.0.0.0, Culture=neutral, PublicKeyToken=cc7b13ffcd2ddd51'. O sistema não pode encontrar o arquivo especificado.
File name: 'Microsoft.Bcl.AsyncInterfaces, Version=1.0.0.0, Culture=neutral, PublicKeyToken=cc7b13ffcd2ddd51'
TpTrace Verbose: 0 : 30532, 1, 2021/10/11, 21:15:59.901, 10464067725623, vstest.console.dll, TestPluginCache: Discovered the extensions using extension path ''.
TpTrace Verbose: 0 : 30532, 1, 2021/10/11, 21:15:59.901, 10464067725943, vstest.console.dll, TestPluginCache: Discoverers are ''.
TpTrace Verbose: 0 : 30532, 1, 2021/10/11, 21:15:59.901, 10464067726153, vstest.console.dll, TestPluginCache: Executors are ''.
TpTrace Verbose: 0 : 30532, 1, 2021/10/11, 21:15:59.901, 10464067726381, vstest.console.dll, TestPluginCache: Executors2 are ''.
TpTrace Verbose: 0 : 30532, 1, 2021/10/11, 21:15:59.901, 10464067726572, vstest.console.dll, TestPluginCache: Setting providers are ''.
TpTrace Verbose: 0 : 30532, 1, 2021/10/11, 21:15:59.901, 10464067727098, vstest.console.dll, TestPluginCache: Loggers are 'logger://Microsoft/TestPlatform/Extensions/Blame/v1,logger://Microsoft/TestPlatform/HtmlLogger/v1,logger://Microsoft/TestPlatform/TrxLogger/v1'.
TpTrace Information: 0 : 30532, 1, 2021/10/11, 21:15:59.901, 10464067732170, vstest.console.dll, TestPluginManager.CreateTestExtension: Attempting to load test extension: Microsoft.TestPlatform.Extensions.BlameDataCollector.BlameLogger
TpTrace Information: 0 : 30532, 1, 2021/10/11, 21:15:59.908, 10464067802744, vstest.console.dll, TestPluginManager.CreateTestExtension: Attempting to load test extension: Microsoft.VisualStudio.TestPlatform.CrossPlatEngine.Hosting.DefaultTestHostManager
TpTrace Information: 0 : 30532, 1, 2021/10/11, 21:15:59.909, 10464067805569, vstest.console.dll, TestPluginManager.CreateTestExtension: Attempting to load test extension: Microsoft.VisualStudio.TestPlatform.CrossPlatEngine.Hosting.DotnetTestHostManager
TpTrace Verbose: 0 : 30532, 1, 2021/10/11, 21:15:59.909, 10464067809747, vstest.console.dll, TestEngine: Initializing Parallel Execution as MaxCpuCount is set to: 1
TpTrace Information: 0 : 30532, 1, 2021/10/11, 21:15:59.910, 10464067813595, vstest.console.dll, InferRunSettingsHelper.IsTestSettingsEnabled: Unable to navigate to RunSettings/MSTest. Current node: RunSettings
TpTrace Verbose: 0 : 30532, 1, 2021/10/11, 21:15:59.921, 10464067930116, vstest.console.dll, TestRequestSender is acting as server
TpTrace Verbose: 0 : 30532, 4, 2021/10/11, 21:15:59.924, 10464067954303, vstest.console.dll, DataCollectionRequestSender.InitializeCommunication : Initialize communication. 
TpTrace Information: 0 : 30532, 4, 2021/10/11, 21:15:59.931, 10464068032579, vstest.console.dll, Listening on Endpoint : 127.0.0.1:63969
TpTrace Verbose: 0 : 30532, 4, 2021/10/11, 21:15:59.940, 10464068120365, vstest.console.dll, DotnetDataCollectionLauncher: Full path of dotnet.exe is C:\Program Files\dotnet\dotnet.exe
TpTrace Verbose: 0 : 30532, 4, 2021/10/11, 21:15:59.940, 10464068121727, vstest.console.dll, DotnetDataCollectionLauncher: Adding  --runtimeconfig "C:\Program Files\dotnet\sdk\5.0.400\datacollector.runtimeconfig.json" in args
TpTrace Verbose: 0 : 30532, 4, 2021/10/11, 21:15:59.940, 10464068122439, vstest.console.dll, DotnetDataCollectionLauncher: Adding  --depsfile "C:\Program Files\dotnet\sdk\5.0.400\datacollector.deps.json" in args
TpTrace Information: 0 : 30532, 4, 2021/10/11, 21:15:59.947, 10464068186947, vstest.console.dll, ProxyDataCollectionManager.Initialize: Launched datacollector processId: 13568 port: 63969
TpTrace Information: 0 : 30532, 4, 2021/10/11, 21:15:59.947, 10464068188358, vstest.console.dll, ProxyDataCollectionManager.Initialize: waiting for connection with timeout: 90 seconds
TpTrace Verbose: 0 : 30532, 4, 2021/10/11, 21:15:59.947, 10464068188859, vstest.console.dll, DataCollectionRequestSender.WaitForRequestHandlerConnection : Waiting for connection with timeout: 90000
TpTrace Information: 0 : 30532, 7, 2021/10/11, 21:16:00.115, 10464069869738, vstest.console.dll, Using the buffer size of 16384 bytes
TpTrace Information: 0 : 30532, 7, 2021/10/11, 21:16:00.115, 10464069870764, vstest.console.dll, Accepted Client request and set the flag
TpTrace Verbose: 0 : 30532, 4, 2021/10/11, 21:16:00.115, 10464069870205, vstest.console.dll, ProxyDataCollectionManager.InvokeDataCollectionServiceAction: Starting.
TpTrace Information: 0 : 30532, 4, 2021/10/11, 21:16:00.115, 10464069872261, vstest.console.dll, ProxyDataCollectionManager.BeforeTestRunStart: Get environment variable and port for datacollector processId: 13568 port: 63969
TpTrace Verbose: 0 : 30532, 4, 2021/10/11, 21:16:00.115, 10464069873213, vstest.console.dll, DataCollectionRequestSender.SendBeforeTestRunStartAndGetResult : Send BeforeTestRunStart message with settingsXml <RunSettings><RunConfiguration><ResultsDirectory>C:\JokenpoTest\bin\Debug\netcoreapp3.1\fine-code-coverage\coverage-tool-output</ResultsDirectory><TargetPlatform>X64</TargetPlatform><TargetFrameworkVersion>.NETCoreApp,Version=v3.1</TargetFrameworkVersion><DesignMode>False</DesignMode><CollectSourceInformation>False</CollectSourceInformation><TestAdaptersPaths>C:\Program Files\dotnet\sdk\5.0.400\Extensions</TestAdaptersPaths></RunConfiguration><LoggerRunSettings><Loggers><Logger friendlyName="blame" enabled="True" /><Logger friendlyName="Console" uri="logger://microsoft/TestPlatform/ConsoleLogger/v1" assemblyQualifiedName="Microsoft.VisualStudio.TestPlatform.CommandLine.Internal.ConsoleLogger, vstest.console, Version=15.0.0.0, Culture=neutral, PublicKeyToken=b03f5f7f11d50a3a" codeBase="C:\Program Files\dotnet\sdk\5.0.400\vstest.console.dll" enabled="True" /></Loggers></LoggerRunSettings><DataCollectionRunSettings><DataCollectors><DataCollector friendlyName="blame" enabled="True"><Configuration><ResultsDirectory>C:\JokenpoTest\bin\Debug\netcoreapp3.1\fine-code-coverage\coverage-tool-output</ResultsDirectory></Configuration></DataCollector></DataCollectors></DataCollectionRunSettings></RunSettings> and sources System.Linq.Enumerable+Concat2Iterator`1[System.String]: 
TpTrace Verbose: 0 : 30532, 4, 2021/10/11, 21:16:00.175, 10464070472964, vstest.console.dll, DataCollectionRequestSender.SendBeforeTestRunStartAndGetResult : Received message: (DataCollection.SendMessage) -> {
  "FriendlyName": null,
  "Uri": null,
  "TestCaseId": "00000000-0000-0000-0000-000000000000",
  "Message": "Logging DataCollector Diagnostics in file: C:\\JokenpoTest\\bin\\Debug\\netcoreapp3.1\\fine-code-coverage\\coverage-tool-output\\diagnostics.datacollector.21-10-11_21-15-59_93697_4.log",
  "Level": 0
}
TpTrace Verbose: 0 : 30532, 4, 2021/10/11, 21:16:00.235, 10464071065412, vstest.console.dll, DataCollectionRequestSender.SendBeforeTestRunStartAndGetResult : Received message: (DataCollection.BeforeTestRunStartResult) -> {
  "EnvironmentVariables": {},
  "DataCollectionEventsPort": 63971
}
TpTrace Information: 0 : 30532, 4, 2021/10/11, 21:16:00.238, 10464071097581, vstest.console.dll, ProxyDataCollectionManager.BeforeTestRunStart: SendBeforeTestRunStartAndGetResult successful, env variable from datacollector:   and testhost port: 63971
TpTrace Information: 0 : 30532, 4, 2021/10/11, 21:16:00.238, 10464071098568, vstest.console.dll, ProxyDataCollectionManager.InvokeDataCollectionServiceAction: Completed.
TpTrace Verbose: 0 : 30532, 1, 2021/10/11, 21:16:00.238, 10464071099771, vstest.console.dll, TestRunRequest.ExecuteAsync: Creating test run request.
TpTrace Verbose: 0 : 30532, 1, 2021/10/11, 21:16:00.238, 10464071101913, vstest.console.dll, TestRunRequest.ExecuteAsync: Starting.
TpTrace Information: 0 : 30532, 1, 2021/10/11, 21:16:00.239, 10464071104269, vstest.console.dll, TestRunRequest.ExecuteAsync: Starting run with settings:TestRunCriteria:
   KeepAlive=False,FrequencyOfRunStatsChangeEvent=10,RunStatsChangeEventTimeout=00:00:01.5000000,TestCaseFilter=,TestExecutorLauncher=
   Settingsxml=<RunSettings>
  <RunConfiguration>
    <ResultsDirectory>C:\JokenpoTest\bin\Debug\netcoreapp3.1\fine-code-coverage\coverage-tool-output</ResultsDirectory>
    <TargetPlatform>X64</TargetPlatform>
    <TargetFrameworkVersion>.NETCoreApp,Version=v3.1</TargetFrameworkVersion>
    <DesignMode>False</DesignMode>
    <CollectSourceInformation>False</CollectSourceInformation>
  </RunConfiguration>
  <LoggerRunSettings>
    <Loggers>
      <Logger friendlyName="blame" enabled="True" />
      <Logger friendlyName="Console" uri="logger://microsoft/TestPlatform/ConsoleLogger/v1" assemblyQualifiedName="Microsoft.VisualStudio.TestPlatform.CommandLine.Internal.ConsoleLogger, vstest.console, Version=15.0.0.0, Culture=neutral, PublicKeyToken=b03f5f7f11d50a3a" codeBase="C:\Program Files\dotnet\sdk\5.0.400\vstest.console.dll" enabled="True" />
    </Loggers>
  </LoggerRunSettings>
  <DataCollectionRunSettings>
    <DataCollectors>
      <DataCollector friendlyName="blame" enabled="True">
        <Configuration>
          <ResultsDirectory>C:\JokenpoTest\bin\Debug\netcoreapp3.1\fine-code-coverage\coverage-tool-output</ResultsDirectory>
        </Configuration>
      </DataCollector>
    </DataCollectors>
  </DataCollectionRunSettings>
</RunSettings>

TpTrace Verbose: 0 : 30532, 1, 2021/10/11, 21:16:00.239, 10464071104701, vstest.console.dll, TestRunRequest.ExecuteAsync: Wait for the first run request is over.
TpTrace Verbose: 0 : 30532, 1, 2021/10/11, 21:16:00.239, 10464071108244, vstest.console.dll, ParallelProxyExecutionManager: Start execution. Total sources: 1
TpTrace Information: 0 : 30532, 1, 2021/10/11, 21:16:00.240, 10464071114445, vstest.console.dll, ProxyParallelExecutionManager: Triggering test run for next source: C:\JokenpoTest\bin\Debug\netcoreapp3.1\fine-code-coverage\build-output\JokenpoTest.dll
TpTrace Verbose: 0 : 30532, 6, 2021/10/11, 21:16:00.240, 10464071116142, vstest.console.dll, ParallelProxyExecutionManager: Execution started. Started clients: 1
TpTrace Verbose: 0 : 30532, 1, 2021/10/11, 21:16:00.240, 10464071116622, vstest.console.dll, ProxyParallelExecutionManager: No sources available for execution.
TpTrace Information: 0 : 30532, 1, 2021/10/11, 21:16:00.240, 10464071117128, vstest.console.dll, TestRunRequest.ExecuteAsync: Started.
TpTrace Verbose: 0 : 30532, 1, 2021/10/11, 21:16:00.240, 10464071117740, vstest.console.dll, TestRunRequest.WaitForCompletion: Waiting with timeout -1.
TpTrace Verbose: 0 : 30532, 6, 2021/10/11, 21:16:00.240, 10464071118748, vstest.console.dll, TestRunRequest:SendTestRunMessage: Starting.
TpTrace Information: 0 : 30532, 6, 2021/10/11, 21:16:00.240, 10464071119823, vstest.console.dll, TestRunRequest:SendTestRunMessage: Completed.
TpTrace Verbose: 0 : 30532, 6, 2021/10/11, 21:16:00.240, 10464071121524, vstest.console.dll, ProxyExecutionManager: Test host is always Lazy initialize.
TpTrace Verbose: 0 : 30532, 6, 2021/10/11, 21:16:00.241, 10464071124009, vstest.console.dll, TestRequestSender.InitializeCommunication: initialize communication. 
TpTrace Information: 0 : 30532, 6, 2021/10/11, 21:16:00.241, 10464071128897, vstest.console.dll, SocketServer.Start: Listening on endpoint : 127.0.0.1:63972
TpTrace Verbose: 0 : 30532, 6, 2021/10/11, 21:16:00.242, 10464071136094, vstest.console.dll, DotnetTestHostmanager: Adding  --runtimeconfig "C:\JokenpoTest\bin\Debug\netcoreapp3.1\fine-code-coverage\build-output\JokenpoTest.runtimeconfig.json" in args
TpTrace Verbose: 0 : 30532, 6, 2021/10/11, 21:16:00.242, 10464071137696, vstest.console.dll, DotnetTestHostmanager: Adding  --depsfile "C:\JokenpoTest\bin\Debug\netcoreapp3.1\fine-code-coverage\build-output\JokenpoTest.deps.json" in args
TpTrace Verbose: 0 : 30532, 6, 2021/10/11, 21:16:00.242, 10464071140784, vstest.console.dll, DotnetTestHostManager: Testhost.exe/testhost.x86.exe found at path: C:\JokenpoTest\bin\Debug\netcoreapp3.1\fine-code-coverage\build-output\testhost.exe
TpTrace Verbose: 0 : 30532, 6, 2021/10/11, 21:16:00.242, 10464071141595, vstest.console.dll, DotnetTestHostmanager: Full path of host exe is C:\JokenpoTest\bin\Debug\netcoreapp3.1\fine-code-coverage\build-output\testhost.exe
TpTrace Verbose: 0 : 30532, 4, 2021/10/11, 21:16:00.244, 10464071153344, vstest.console.dll, DotnetTestHostManager: Starting process 'C:\JokenpoTest\bin\Debug\netcoreapp3.1\fine-code-coverage\build-output\testhost.exe' with command line ' --runtimeconfig "C:\JokenpoTest\bin\Debug\netcoreapp3.1\fine-code-coverage\build-output\JokenpoTest.runtimeconfig.json" --depsfile "C:\JokenpoTest\bin\Debug\netcoreapp3.1\fine-code-coverage\build-output\JokenpoTest.deps.json" --port 63972 --endpoint 127.0.0.1:063972 --role client --parentprocessid 30532 --diag "C:\JokenpoTest\bin\Debug\netcoreapp3.1\fine-code-coverage\coverage-tool-output\diagnostics.host.21-10-11_21-16-00_24182_6.log" --tracelevel 4 --datacollectionport 63971 --telemetryoptedin false'
TpTrace Verbose: 0 : 30532, 4, 2021/10/11, 21:16:00.250, 10464071222344, vstest.console.dll, Test Runtime launched
TpTrace Verbose: 0 : 30532, 6, 2021/10/11, 21:16:00.251, 10464071229313, vstest.console.dll, TestRequestSender.WaitForRequestHandlerConnection: waiting for connection with timeout: 90000
TpTrace Verbose: 0 : 30532, 14, 2021/10/11, 21:16:00.464, 10464073354497, vstest.console.dll, SocketServer.OnClientConnected: Client connected for endPoint: 127.0.0.1:63972, starting MessageLoopAsync:
TpTrace Verbose: 0 : 30532, 13, 2021/10/11, 21:16:00.464, 10464073357485, vstest.console.dll, TcpClientExtensions.MessageLoopAsync: Polling on remoteEndPoint: 127.0.0.1:63973 localEndPoint: 127.0.0.1:63972
TpTrace Verbose: 0 : 30532, 13, 2021/10/11, 21:16:00.595, 10464074672233, vstest.console.dll, TcpClientExtensions.MessageLoopAsync: NotifyDataAvailable remoteEndPoint: 127.0.0.1:63973 localEndPoint: 127.0.0.1:63972
TpTrace Verbose: 0 : 30532, 13, 2021/10/11, 21:16:00.596, 10464074674625, vstest.console.dll, TestRequestSender.CheckVersionWithTestHost: onMessageReceived received message: (ProtocolVersion) -> 5
TpTrace Verbose: 0 : 30532, 13, 2021/10/11, 21:16:00.596, 10464074678240, vstest.console.dll, TcpClientExtensions.MessageLoopAsync: Polling on remoteEndPoint: 127.0.0.1:63973 localEndPoint: 127.0.0.1:63972
TpTrace Verbose: 0 : 30532, 6, 2021/10/11, 21:16:00.596, 10464074679204, vstest.console.dll, TestPluginCache.GetExtensionPaths: Filtered extension paths: 
TpTrace Verbose: 0 : 30532, 6, 2021/10/11, 21:16:00.596, 10464074679728, vstest.console.dll, TestPluginCache.GetExtensionPaths: Added default extension paths: C:\Program Files\dotnet\sdk\5.0.400\Extensions\Microsoft.Diagnostics.NETCore.Client.dll
C:\Program Files\dotnet\sdk\5.0.400\Extensions\Microsoft.TestPlatform.Extensions.BlameDataCollector.dll
C:\Program Files\dotnet\sdk\5.0.400\Extensions\Microsoft.TestPlatform.Extensions.EventLogCollector.dll
C:\Program Files\dotnet\sdk\5.0.400\Extensions\Microsoft.TestPlatform.TestHostRuntimeProvider.dll
C:\Program Files\dotnet\sdk\5.0.400\Extensions\Microsoft.VisualStudio.TestPlatform.Extensions.Html.TestLogger.dll
C:\Program Files\dotnet\sdk\5.0.400\Extensions\Microsoft.VisualStudio.TestPlatform.Extensions.Trx.TestLogger.dll
TpTrace Verbose: 0 : 30532, 6, 2021/10/11, 21:16:00.596, 10464074679986, vstest.console.dll, TestPluginCache.GetExtensionPaths: Added unfilterableExtensionPaths: 
TpTrace Verbose: 0 : 30532, 6, 2021/10/11, 21:16:00.599, 10464074710203, vstest.console.dll, TestRequestSender.InitializeExecution: Sending initializing execution with message: {"Version":5,"MessageType":"TestExecution.Initialize","Payload":["C:\\JokenpoTest\\bin\\Debug\\netcoreapp3.1\\fine-code-coverage\\build-output\\NUnit3.TestAdapter.dll"]}
TpTrace Verbose: 0 : 30532, 13, 2021/10/11, 21:16:00.606, 10464074782616, vstest.console.dll, TcpClientExtensions.MessageLoopAsync: NotifyDataAvailable remoteEndPoint: 127.0.0.1:63973 localEndPoint: 127.0.0.1:63972
TpTrace Verbose: 0 : 30532, 13, 2021/10/11, 21:16:00.607, 10464074784210, vstest.console.dll, TestRequestSender.OnExecutionMessageReceived: Received message: {"Version":5,"MessageType":"TestSession.Message","Payload":{"MessageLevel":0,"Message":"Registro em log do diagnóstico TestHost no arquivo: C:\\JokenpoTest\\bin\\Debug\\netcoreapp3.1\\fine-code-coverage\\coverage-tool-output\\diagnostics.host.21-10-11_21-16-00_24182_6.log"}}
TpTrace Verbose: 0 : 30532, 6, 2021/10/11, 21:16:00.607, 10464074787774, vstest.console.dll, TestRequestSender.StartTestRun: Sending test run with message: {"Version":5,"MessageType":"TestExecution.StartWithSources","Payload":{"AdapterSourceMap":{"_none_":["C:\\JokenpoTest\\bin\\Debug\\netcoreapp3.1\\fine-code-coverage\\build-output\\JokenpoTest.dll"]},"RunSettings":"<RunSettings>\r\n  <RunConfiguration>\r\n    <ResultsDirectory>C:\\JokenpoTest\\bin\\Debug\\netcoreapp3.1\\fine-code-coverage\\coverage-tool-output</ResultsDirectory>\r\n    <TargetPlatform>X64</TargetPlatform>\r\n    <TargetFrameworkVersion>.NETCoreApp,Version=v3.1</TargetFrameworkVersion>\r\n    <DesignMode>False</DesignMode>\r\n    <CollectSourceInformation>False</CollectSourceInformation>\r\n  </RunConfiguration>\r\n  <LoggerRunSettings>\r\n    <Loggers>\r\n      <Logger friendlyName=\"blame\" enabled=\"True\" />\r\n      <Logger friendlyName=\"Console\" uri=\"logger://microsoft/TestPlatform/ConsoleLogger/v1\" assemblyQualifiedName=\"Microsoft.VisualStudio.TestPlatform.CommandLine.Internal.ConsoleLogger, vstest.console, Version=15.0.0.0, Culture=neutral, PublicKeyToken=b03f5f7f11d50a3a\" codeBase=\"C:\\Program Files\\dotnet\\sdk\\5.0.400\\vstest.console.dll\" enabled=\"True\" />\r\n    </Loggers>\r\n  </LoggerRunSettings>\r\n  <DataCollectionRunSettings>\r\n    <DataCollectors>\r\n      <DataCollector friendlyName=\"blame\" enabled=\"True\">\r\n        <Configuration>\r\n          <ResultsDirectory>C:\\JokenpoTest\\bin\\Debug\\netcoreapp3.1\\fine-code-coverage\\coverage-tool-output</ResultsDirectory>\r\n        </Configuration>\r\n      </DataCollector>\r\n    </DataCollectors>\r\n  </DataCollectionRunSettings>\r\n</RunSettings>","TestExecutionContext":{"FrequencyOfRunStatsChangeEvent":10,"RunStatsChangeEventTimeout":"00:00:01.5000000","InIsolation":false,"KeepAlive":false,"AreTestCaseLevelEventsRequired":false,"IsDebug":false,"TestCaseFilter":null,"FilterOptions":null},"Package":null}}
TpTrace Verbose: 0 : 30532, 13, 2021/10/11, 21:16:00.609, 10464074803527, vstest.console.dll, TestRunRequest:SendTestRunMessage: Starting.
TpTrace Information: 0 : 30532, 13, 2021/10/11, 21:16:00.609, 10464074804818, vstest.console.dll, TestRunRequest:SendTestRunMessage: Completed.
TpTrace Verbose: 0 : 30532, 13, 2021/10/11, 21:16:00.609, 10464074805187, vstest.console.dll, TcpClientExtensions.MessageLoopAsync: Polling on remoteEndPoint: 127.0.0.1:63973 localEndPoint: 127.0.0.1:63972
TpTrace Verbose: 0 : 30532, 13, 2021/10/11, 21:16:00.750, 10464076218583, vstest.console.dll, TcpClientExtensions.MessageLoopAsync: NotifyDataAvailable remoteEndPoint: 127.0.0.1:63973 localEndPoint: 127.0.0.1:63972
TpTrace Verbose: 0 : 30532, 13, 2021/10/11, 21:16:00.750, 10464076219724, vstest.console.dll, TestRequestSender.OnExecutionMessageReceived: Received message: {"Version":5,"MessageType":"TestSession.Message","Payload":{"MessageLevel":0,"Message":"NUnit Adapter 3.17.0.0: Test execution started"}}
TpTrace Verbose: 0 : 30532, 13, 2021/10/11, 21:16:00.750, 10464076221667, vstest.console.dll, TestRunRequest:SendTestRunMessage: Starting.
TpTrace Information: 0 : 30532, 13, 2021/10/11, 21:16:00.750, 10464076222159, vstest.console.dll, TestRunRequest:SendTestRunMessage: Completed.
TpTrace Verbose: 0 : 30532, 13, 2021/10/11, 21:16:00.750, 10464076222434, vstest.console.dll, TcpClientExtensions.MessageLoopAsync: Polling on remoteEndPoint: 127.0.0.1:63973 localEndPoint: 127.0.0.1:63972
TpTrace Verbose: 0 : 30532, 13, 2021/10/11, 21:16:00.778, 10464076495313, vstest.console.dll, TcpClientExtensions.MessageLoopAsync: NotifyDataAvailable remoteEndPoint: 127.0.0.1:63973 localEndPoint: 127.0.0.1:63972
TpTrace Verbose: 0 : 30532, 13, 2021/10/11, 21:16:00.778, 10464076496528, vstest.console.dll, TestRequestSender.OnExecutionMessageReceived: Received message: {"Version":5,"MessageType":"TestSession.Message","Payload":{"MessageLevel":0,"Message":"Running all tests in C:\\JokenpoTest\\bin\\Debug\\netcoreapp3.1\\fine-code-coverage\\build-output\\JokenpoTest.dll"}}
TpTrace Verbose: 0 : 30532, 13, 2021/10/11, 21:16:00.778, 10464076498159, vstest.console.dll, TestRunRequest:SendTestRunMessage: Starting.
TpTrace Information: 0 : 30532, 13, 2021/10/11, 21:16:00.778, 10464076498697, vstest.console.dll, TestRunRequest:SendTestRunMessage: Completed.
TpTrace Verbose: 0 : 30532, 13, 2021/10/11, 21:16:00.778, 10464076498966, vstest.console.dll, TcpClientExtensions.MessageLoopAsync: Polling on remoteEndPoint: 127.0.0.1:63973 localEndPoint: 127.0.0.1:63972
TpTrace Verbose: 0 : 30532, 13, 2021/10/11, 21:16:00.986, 10464078582252, vstest.console.dll, TcpClientExtensions.MessageLoopAsync: NotifyDataAvailable remoteEndPoint: 127.0.0.1:63973 localEndPoint: 127.0.0.1:63972
TpTrace Verbose: 0 : 30532, 13, 2021/10/11, 21:16:00.987, 10464078583559, vstest.console.dll, TestRequestSender.OnExecutionMessageReceived: Received message: {"Version":5,"MessageType":"TestSession.Message","Payload":{"MessageLevel":0,"Message":"   NUnit3TestExecutor discovered 5 of 5 NUnit test cases"}}
TpTrace Verbose: 0 : 30532, 13, 2021/10/11, 21:16:00.987, 10464078585849, vstest.console.dll, TestRunRequest:SendTestRunMessage: Starting.
TpTrace Information: 0 : 30532, 13, 2021/10/11, 21:16:00.987, 10464078586537, vstest.console.dll, TestRunRequest:SendTestRunMessage: Completed.
TpTrace Verbose: 0 : 30532, 13, 2021/10/11, 21:16:00.987, 10464078586971, vstest.console.dll, TcpClientExtensions.MessageLoopAsync: Polling on remoteEndPoint: 127.0.0.1:63973 localEndPoint: 127.0.0.1:63972
TpTrace Verbose: 0 : 30532, 13, 2021/10/11, 21:16:01.295, 10464081671591, vstest.console.dll, TcpClientExtensions.MessageLoopAsync: NotifyDataAvailable remoteEndPoint: 127.0.0.1:63973 localEndPoint: 127.0.0.1:63972
TpTrace Verbose: 0 : 30532, 13, 2021/10/11, 21:16:01.295, 10464081672695, vstest.console.dll, TestRequestSender.OnExecutionMessageReceived: Received message: {"Version":5,"MessageType":"TestSession.Message","Payload":{"MessageLevel":0,"Message":"NUnit Adapter 3.17.0.0: Test execution complete"}}
TpTrace Verbose: 0 : 30532, 13, 2021/10/11, 21:16:01.296, 10464081674561, vstest.console.dll, TestRunRequest:SendTestRunMessage: Starting.
TpTrace Information: 0 : 30532, 13, 2021/10/11, 21:16:01.296, 10464081675439, vstest.console.dll, TestRunRequest:SendTestRunMessage: Completed.
TpTrace Verbose: 0 : 30532, 13, 2021/10/11, 21:16:01.296, 10464081675852, vstest.console.dll, TcpClientExtensions.MessageLoopAsync: Polling on remoteEndPoint: 127.0.0.1:63973 localEndPoint: 127.0.0.1:63972
TpTrace Verbose: 0 : 30532, 13, 2021/10/11, 21:16:01.341, 10464082129069, vstest.console.dll, TcpClientExtensions.MessageLoopAsync: NotifyDataAvailable remoteEndPoint: 127.0.0.1:63973 localEndPoint: 127.0.0.1:63972
TpTrace Verbose: 0 : 30532, 13, 2021/10/11, 21:16:01.341, 10464082130660, vstest.console.dll, TestRequestSender.OnExecutionMessageReceived: Received message: {"Version":5,"MessageType":"TestExecution.Completed","Payload":{"TestRunCompleteArgs":{"TestRunStatistics":{"ExecutedTests":5,"Stats":{"Passed":5}},"IsCanceled":false,"IsAborted":false,"Error":null,"AttachmentSets":[],"ElapsedTimeInRunningTests":"00:00:00.5651749","Metrics":{}},"LastRunTests":{"NewTestResults":[{"TestCase":{"Id":"58f2a5c5-5186-9902-3bd9-5b6b518337f0","FullyQualifiedName":"JokenpoTest.Repositories.RepositoryMatchTest.AddMatchTest_IsSucess","DisplayName":"AddMatchTest_IsSucess","ExecutorUri":"executor://NUnit3TestExecutor","Source":"C:\\JokenpoTest\\bin\\Debug\\netcoreapp3.1\\fine-code-coverage\\build-output\\JokenpoTest.dll","CodeFilePath":null,"LineNumber":0,"Properties":[]},"Attachments":[],"Outcome":1,"ErrorMessage":null,"ErrorStackTrace":null,"DisplayName":"AddMatchTest_IsSucess","Messages":[],"ComputerName":"LAPTOP-POTN3MF7","Duration":"00:00:00.1040250","StartTime":"2021-10-12T00:16:01.0157121+00:00","EndTime":"2021-10-12T00:16:01.1196494+00:00","Properties":[]},{"TestCase":{"Id":"4f32846b-35af-8b97-b072-79182fada606","FullyQualifiedName":"JokenpoTest.Repositories.RepositoryMatchTest.GetMatchByIdTest_IsSucess","DisplayName":"GetMatchByIdTest_IsSucess","ExecutorUri":"executor://NUnit3TestExecutor","Source":"C:\\JokenpoTest\\bin\\Debug\\netcoreapp3.1\\fine-code-coverage\\build-output\\JokenpoTest.dll","CodeFilePath":null,"LineNumber":0,"Properties":[]},"Attachments":[],"Outcome":1,"ErrorMessage":null,"ErrorStackTrace":null,"DisplayName":"GetMatchByIdTest_IsSucess","Messages":[],"ComputerName":"LAPTOP-POTN3MF7","Duration":"00:00:00.0013060","StartTime":"2021-10-12T00:16:01.121759+00:00","EndTime":"2021-10-12T00:16:01.1230636+00:00","Properties":[]},{"TestCase":{"Id":"55350e06-373e-d97c-3e48-be9d57947a72","FullyQualifiedName":"JokenpoTest.Repositories.RepositoryMatchTest.GetOpenMatchTest","DisplayName":"GetOpenMatchTest","ExecutorUri":"executor://NUnit3TestExecutor","Source":"C:\\JokenpoTest\\bin\\Debug\\netcoreapp3.1\\fine-code-coverage\\build-output\\JokenpoTest.dll","CodeFilePath":null,"LineNumber":0,"Properties":[]},"Attachments":[],"Outcome":1,"ErrorMessage":null,"ErrorStackTrace":null,"DisplayName":"GetOpenMatchTest","Messages":[],"ComputerName":"LAPTOP-POTN3MF7","Duration":"00:00:00.0117030","StartTime":"2021-10-12T00:16:01.1231069+00:00","EndTime":"2021-10-12T00:16:01.1348077+00:00","Properties":[]},{"TestCase":{"Id":"3a9360a4-542b-7150-c2ad-3194b0fab7ed","FullyQualifiedName":"JokenpoTest.RepositoryPlayerTest.AddPlayerTest_IsSucess","DisplayName":"AddPlayerTest_IsSucess","ExecutorUri":"executor://NUnit3TestExecutor","Source":"C:\\JokenpoTest\\bin\\Debug\\netcoreapp3.1\\fine-code-coverage\\build-output\\JokenpoTest.dll","CodeFilePath":null,"LineNumber":0,"Properties":[]},"Attachments":[],"Outcome":1,"ErrorMessage":null,"ErrorStackTrace":null,"DisplayName":"AddPlayerTest_IsSucess","Messages":[],"ComputerName":"LAPTOP-POTN3MF7","Duration":"00:00:00.1496660","StartTime":"2021-10-12T00:16:01.137142+00:00","EndTime":"2021-10-12T00:16:01.2868057+00:00","Properties":[]},{"TestCase":{"Id":"32c7db70-c372-cbd2-6e27-3867f97beca9","FullyQualifiedName":"JokenpoTest.RepositoryPlayerTest.GetPlayerByIdTest_IsSucess","DisplayName":"GetPlayerByIdTest_IsSucess","ExecutorUri":"executor://NUnit3TestExecutor","Source":"C:\\JokenpoTest\\bin\\Debug\\netcoreapp3.1\\fine-code-coverage\\build-output\\JokenpoTest.dll","CodeFilePath":null,"LineNumber":0,"Properties":[]},"Attachments":[],"Outcome":1,"ErrorMessage":null,"ErrorStackTrace":null,"DisplayName":"GetPlayerByIdTest_IsSucess","Messages":[],"ComputerName":"LAPTOP-POTN3MF7","Duration":"00:00:00.0047219","StartTime":"2021-10-12T00:16:01.2868303+00:00","EndTime":"2021-10-12T00:16:01.2915495+00:00","Properties":[]}],"TestRunStatistics":{"ExecutedTests":5,"Stats":{"Passed":5}},"ActiveTests":[]},"RunAttachments":[],"ExecutorUris":["executor://nunit3testexecutor/"]}}
TpTrace Verbose: 0 : 30532, 13, 2021/10/11, 21:16:01.343, 10464082149413, vstest.console.dll, TestRequestSender.EndSession: Sending end session.
TpTrace Verbose: 0 : 30532, 13, 2021/10/11, 21:16:01.343, 10464082150905, vstest.console.dll, ProxyOperationManager.Close: waiting for test host to exit for 100 ms
TpTrace Warning: 0 : 30532, 13, 2021/10/11, 21:16:01.446, 10464083182253, vstest.console.dll, ProxyOperationManager: Timed out waiting for test host to exit. Will terminate process.
TpTrace Warning: 0 : 30532, 12, 2021/10/11, 21:16:01.514, 10464083854439, vstest.console.dll, TestHostManagerCallbacks.ErrorReceivedCallback Test host standard error line: 
TpTrace Verbose: 0 : 30532, 13, 2021/10/11, 21:16:01.519, 10464083905048, vstest.console.dll, TestHostProvider.ExitCallBack: Host exited starting callback.
TpTrace Information: 0 : 30532, 13, 2021/10/11, 21:16:01.519, 10464083906112, vstest.console.dll, TestHostManagerCallbacks.ExitCallBack: Testhost processId: 34088 exited with exitcode: 0 error: ''
TpTrace Verbose: 0 : 30532, 13, 2021/10/11, 21:16:01.519, 10464083906430, vstest.console.dll, DotnetTestHostManager.OnHostExited: invoking OnHostExited callback
TpTrace Verbose: 0 : 30532, 13, 2021/10/11, 21:16:01.519, 10464083906776, vstest.console.dll, CrossPlatEngine.TestHostManagerHostExited: calling on client process exit callback.
TpTrace Information: 0 : 30532, 13, 2021/10/11, 21:16:01.519, 10464083907116, vstest.console.dll, TestRequestSender.OnClientProcessExit: Test host process exited. Standard error: 
TpTrace Information: 0 : 30532, 13, 2021/10/11, 21:16:01.519, 10464083907403, vstest.console.dll, SocketServer.Stop: Stop server endPoint: 127.0.0.1:63972
TpTrace Information: 0 : 30532, 13, 2021/10/11, 21:16:01.519, 10464083907594, vstest.console.dll, SocketServer.Stop: Cancellation requested. Stopping message loop.
TpTrace Verbose: 0 : 30532, 13, 2021/10/11, 21:16:01.519, 10464083913112, vstest.console.dll, ProxyDataCollectionManager.InvokeDataCollectionServiceAction: Starting.
TpTrace Information: 0 : 30532, 13, 2021/10/11, 21:16:01.520, 10464083913669, vstest.console.dll, ProxyDataCollectionManager.AfterTestRunEnd: Get attachment set for datacollector processId: 13568 port: 63969
TpTrace Verbose: 0 : 30532, 13, 2021/10/11, 21:16:01.520, 10464083914058, vstest.console.dll, DataCollectionRequestSender.SendAfterTestRunStartAndGetResult : Send AfterTestRunEnd message with isCancelled: False
TpTrace Verbose: 0 : 30532, 13, 2021/10/11, 21:16:01.523, 10464083946772, vstest.console.dll, DataCollectionRequestSender.SendAfterTestRunStartAndGetResult : Received message: (DataCollection.AfterTestRunEndResult) -> {
  "AttachmentSets": [],
  "Metrics": {}
}
TpTrace Information: 0 : 30532, 13, 2021/10/11, 21:16:01.526, 10464083978291, vstest.console.dll, ProxyDataCollectionManager.InvokeDataCollectionServiceAction: Completed.
TpTrace Warning: 0 : 30532, 9, 2021/10/11, 21:16:01.526, 10464083978884, vstest.console.dll, DataCollectionLauncher.ErrorReceivedCallback datacollector standard error line: 
TpTrace Information: 0 : 30532, 7, 2021/10/11, 21:16:01.530, 10464084022506, vstest.console.dll, DataCollectionLauncher.ExitCallBack: Data collector exited with exitcode: 0 error: ''
TpTrace Verbose: 0 : 30532, 13, 2021/10/11, 21:16:01.575, 10464084466189, vstest.console.dll, TestRunRequest:SendTestRunStatsChange: Starting.
TpTrace Information: 0 : 30532, 13, 2021/10/11, 21:16:01.575, 10464084468444, vstest.console.dll, TestRunRequest:SendTestRunStatsChange: Completed.
TpTrace Verbose: 0 : 30532, 13, 2021/10/11, 21:16:01.575, 10464084469864, vstest.console.dll, ParallelProxyExecutionManager: HandlePartialRunComplete: Total completed clients = 1, Run complete = True, Run canceled: False.
TpTrace Verbose: 0 : 30532, 13, 2021/10/11, 21:16:01.595, 10464084665460, vstest.console.dll, TestRunRequest:TestRunComplete: Starting. IsAborted:False IsCanceled:False.
TpTrace Verbose: 0 : 30532, 13, 2021/10/11, 21:16:01.595, 10464084667420, vstest.console.dll, TestLoggerManager.HandleTestRunComplete: Ignoring as the object is disposed.
TpTrace Information: 0 : 30532, 13, 2021/10/11, 21:16:01.595, 10464084670099, vstest.console.dll, TestRunRequest:TestRunComplete: Completed.
TpTrace Verbose: 0 : 30532, 1, 2021/10/11, 21:16:01.595, 10464084670514, vstest.console.dll, TestRunRequest.Dispose: Starting.
TpTrace Verbose: 0 : 30532, 13, 2021/10/11, 21:16:01.595, 10464084670645, vstest.console.dll, TestRequestSender.SetOperationComplete: Setting operation complete.
TpTrace Information: 0 : 30532, 1, 2021/10/11, 21:16:01.595, 10464084671087, vstest.console.dll, TestRunRequest.Dispose: Completed.
TpTrace Information: 0 : 30532, 13, 2021/10/11, 21:16:01.595, 10464084671424, vstest.console.dll, SocketServer.Stop: Stop server endPoint: 127.0.0.1:63972
TpTrace Information: 0 : 30532, 13, 2021/10/11, 21:16:01.595, 10464084672032, vstest.console.dll, SocketServer.Stop: Cancellation requested. Stopping message loop.
TpTrace Information: 0 : 30532, 1, 2021/10/11, 21:16:01.595, 10464084671860, vstest.console.dll, TestRequestManager.RunTests: run tests completed.
TpTrace Information: 0 : 30532, 13, 2021/10/11, 21:16:01.595, 10464084672458, vstest.console.dll, SocketServer.PrivateStop: Stop server endPoint: 127.0.0.1:63972 error: 
TpTrace Information: 0 : 30532, 1, 2021/10/11, 21:16:01.595, 10464084673255, vstest.console.dll, RunTestsArgumentProcessor:Execute: Test run is completed.
TpTrace Verbose: 0 : 30532, 1, 2021/10/11, 21:16:01.596, 10464084675197, vstest.console.dll, Executor.Execute: Exiting with exit code of 0
TpTrace Verbose: 0 : 30532, 13, 2021/10/11, 21:16:01.596, 10464084677934, vstest.console.dll, LengthPrefixCommunicationChannel.Dispose: Dispose reader and writer.
TpTrace Information: 0 : 30532, 13, 2021/10/11, 21:16:01.596, 10464084678677, vstest.console.dll, SocketServer.Stop: Raise disconnected event endPoint: 127.0.0.1:63972 error: 
TpTrace Verbose: 0 : 30532, 13, 2021/10/11, 21:16:01.596, 10464084679283, vstest.console.dll, TestRequestSender: OnTestRunAbort: Operation is already complete. Skip error message.
TpTrace Verbose: 0 : 30532, 13, 2021/10/11, 21:16:01.596, 10464084679548, vstest.console.dll, TcpClientExtensions.MessageLoopAsync: exiting MessageLoopAsync remoteEndPoint: 127.0.0.1:63973 localEndPoint: 127.0.0.1:63972
